(BEGIN, 0)
(;, 0)
(var, 0)
(ID, 1)
(:, 0)
(int, 0)
(;, 0)
(var, 0)
(ID, 2)
(:, 0)
(int, 0)
(,, 0)
(ID, 3)
(:, 0)
(int, 0)
(;, 0)
(ID, 1)
(=, 0)
(CONST, 4)
(;, 0)
(ID, 2)
(=, 0)
(CONST, 5)
(,, 0)
(ID, 3)
(=, 0)
(CONST, 6)
(;, 0)
(ID, 7)
(=, 0)
(CONST, 8)
(+, 0)
(CONST, 9)
(;, 0)
(output, 0)
((, 0)
(CONST, 10)
(), 0)
(;, 0)
(if, 0)
((, 0)
(ID, 1)
(>=, 0)
(ID, 2)
(&&, 0)
(ID, 1)
(>=, 0)
(ID, 3)
(), 0)
(output, 0)
((, 0)
(ID, 1)
(), 0)
(;, 0)
(else, 0)
(if, 0)
((, 0)
(ID, 2)
(>=, 0)
(ID, 3)
(), 0)
(output, 0)
((, 0)
(ID, 2)
(), 0)
(;, 0)
(else, 0)
(output, 0)
((, 0)
(ID, 3)
(), 0)
(;, 0)
(END, 0)
(;, 0)
